---
layout:     post   				    # 使用的布局（不需要改）
title:      记录一些遇见的有趣BUG
subtitle:   不能不学习啊 #副标题
date:       2021-01-07 				# 时间
author:     大狗 						# 作者
header-img: img/post-bg-map.jpg
catalog: true 						# 是否归档
tags:								
    - 学习
---

# 记录一些遇见的有趣BUG

## 前言
这篇博客的目的是记录下遇见过的有趣BUG

## BUG列表 

### 1 因为引用库和数据结构对不上触发的COREDUMP
#### 1.1 Bug 100606 - [FT 2000]Atcp coredump at raise () when repeat bug98307. 

ARM平台上，对一个消息做softssl hash，会触发COREDUMP

这个BUG本质上是个金丝雀(canary)保护的例子，出现的原因是栈溢出。
出现的原因是两方面的叠加：
1 openssl自己保护的`SHA512_CTX`结构和我们自己的不一致，openssl的末尾多两个unsigned int。
2 引用的库操作是OPENSSL的库，OPENSSL会对OPENSSL结构下的`SHA512_CTX`末尾两个数字进行操作。
这里面存在两个问题
1 两个不同文件的同名数据结构，编译器为什么不认为出错就过去了？
2 为什么X86下不会认为出错，不会产生访问异常？

第一个问题比较好解答，编译和链接是不同过程，链接是不可能知道这还有两个数据区别。
第二个问题需要仔细检查，隐藏着几个小问题：X86架构上有没有canary保护？缺页中断保护的究竟是什么？是数据，还是异常内存访问？为什么ARM架构下就触发了canary保护？ 在USTACK原本的X86架构上，编译选项没有加上fstack-protect，导致编译器不会有fstack-protect-all标记，因此X86不会编入金丝雀保护。而ARM平台下，

### 2 CACHE_LINE_SIZE不同导致的COREDUMP
#### 2.1 Bug 98768 - [FT 2000]There is backend coredump when use command “debug trace tcp all” to capture packages

ATCP enqueue数据，BACKEND进程DEQUEUE会触发COREDUMP。

一开始怀疑点是代码乱序，因为代码确实存在乱序可能性。没有任何内存屏障保护等等。
但是看到br->br_cons_mask和br->br_prod_mask不同开始怀疑，毕竟这个变量对消费者生产者都一样，也不会更改，怎么可能不同？

最后在ATCP和BACKEND里面使用命令`#define offset_of(type, memb) ((unsigned long)(&((type *)0)->memb))`检查发现两个进程的CACHE_LINE_SIZE不同，因而读取失败。最终修复除了引用相同头文件修复CACHE_LINE_SIZE还更新了RTE_RING代码。

### 3 因为OPENSSL用的NID和国密不一致导致的失败
#### 3.1 Bug 94844 - [2020.6]CLI Cannot Import CFCA SM2 Encryption Digital Envelope.

这个BUG的排查比较花时间，因为出问题的点一开始没想到。毕竟头疼医头脚疼医脚是最直接的反应。

起因是QA拿着CFCA的申请请求去找CA了，发现签回来的信封导入不进去。

我一开始以为是10.4代码因为OPENSSL我们大改(OPENSSL1.1.1d的代码PATCH了国密，健康检查很多东西)，所以验签失败。检查OPENSSL验签的代码，后来发现似乎没什么逻辑错误，产生了怀疑。将熟悉信封导入到10.3.1的系统也失败产生了怀疑。

拿asn1 dump检查CSR申请请求的时候发现问题所在了，CSR里面的公钥为0x000....相当于CA每次都在给错误的公钥做签名。出现问题的根本原因是因为OPENSSL看国密的NID是NID_X9_62_id_ecPublicKey(408)，但国内把国密的NID改成了NID_sm2(1172)。OPENSSL取公钥的时候发现NID不匹配就直接返回NULL了，但是CSR会成功生成。所以这个BUG是OPENSSL PATCH国密错+CA错导致的，两个地方都没报才会没发现。实际上这块因为NID不一致的问题很多，修改了好几个这种BUG。不过触发条件很奇葩。



### 4 兆芯CPU的BUG

#### 4.1 [**Bug 103720**](http://bugzilla.arraynetworks.com.cn/bugzilla/show_bug.cgi?id=103720) **-** **[1850_ZX]The ECC key can't import** & [**Bug 103313**](http://bugzilla.arraynetworks.com.cn/bugzilla/show_bug.cgi?id=103313) **-** **[1850_ZX][auto] ssl does not work.** & [**Bug 103951**](http://bugzilla.arraynetworks.com.cn/bugzilla/show_bug.cgi?id=103951) **-** **The cert process coredump when APV starts on U5580-ZX-C platform** & ...

103720直接现象是不能导入一个secp384r1对应的EC 私钥，103313直接现象是不能正确生成2048的私钥/公钥，其它的一些BUG也有这个问题，大部分都是触发了断言，`assert((*wnumtop)==0`，很多都是div引起的。问题平台为ZX-5580CPU，其它的X86_64平台都没问题。这个BUG的排查特别花时间，虽然我早就猜到了应该是汇编级别的错误，但是汇编的错误藏得太深了，而且103313大师没有找到ROOT-CAUSE而是打PATCH绕开了问题，导致ROOT-CAUSE很难查。

首先导入私钥的时候，报错报的的是

```
140737347789312:error:1012606B:elliptic curve routines:EC_POINT_set_affine_coordinates:point is not on
curve:crypto/ec/ec_lib.c:812:
```

也就是说验证点不在椭圆曲线上，这个函数`EC_POINT_is_on_curve`嵌套地特别深，但是查了很久发现问题并不在私钥的坐标上（椭圆曲线私钥是个点），反而是椭圆曲线的GROUP对应的公钥信息不对。追查为什么椭圆曲线的公钥信息不对，汇编级别的指令特别难插，关键点的条件基本找不到。废了九牛二虎之力最后发现问题所在竟然是ZX CPU的问题：

经过追究发现，根本原因出在div 上：ZX 5580 CPU对于特定输入会算错，稳定复现
无论正常机器还是错误机器，div %rcx汇编指令/机器码都相同，且进行运算的值相同。
div是无符号整数除法，高64位置于rdx，低64置于rax。触发运算结束，除数放于rax，余数放于rdx里。

正常机器的div前后的寄存器值分别为：

正常机器 div前

```
rax            0x0	0
rcx            0xffffffffffffffff	-1
rdx            0xffffffff00000001	-4294967295
```

正常机器 div后

```
rax            0xffffffff00000001	-4294967295
rcx            0xffffffffffffffff	-1
rdx            0xffffffff00000001	-4294967295
```



错误机器的div前后的寄存器值分别为：
错误机器 div前

```
(gdb) info reg
rax            0x0                 0
rcx            0xffffffffffffffff  -1
rdx            0xffffffff00000001  -4294967295
```

错误机器 div后

```
rax            0x1                 1
rcx            0xffffffffffffffff  -1
rdx            0x1                 1
```

为了验证div在正常机器上运算正常，所以我用python做了以下验证

```python
>>> print(a)
>>> 340282366841710300967557013911933812736
>>> print('0x%x'%a)
>>> 0xffffffff000000010000000000000000
>>> print(b)
>>> 18446744073709551615
>>> print('0x%x'%b)
>>> 0xffffffffffffffff
>>> print(a/b)
>>> 18446744069414584321
>>> print('0x%x'%(a/b))
>>> 0xffffffff00000001
>>> print(a-b*(a/b))
>>> 18446744069414584321
>>> print('0x%x'%(a-b*(a/b)))
>>> 0xffffffff00000001
```

为了验证是不是还有别的机器有这种问题，我写了一个test.c可以用来验证别的ZX CPU是不是也有这个问题。结果输出为1的都有这问题，结果输出位-4294967295的都是正常机器。经过测试，发现只有ZHAOXIN KaiXian KX-U5580@1.8GHz有这个问题，ZHAOXIN KaiSheng KH-37800D@2.7GHz没有这个问题，

```c
#include <stdio.h>
#define BN_ULONG unsigned long long *

unsigned long long n0 = 18446744069414584321;
unsigned long long n1 = 0;
unsigned long long d0 = 18446744073709551615;
unsigned long long q = 4294967295;

#if 0
BN_ULONG bn_div_words(BN_ULONG h, BN_ULONG l, BN_ULONG d)                               \
{ __asm__ (
        "pushq %rbp\n\t"
        "movq (%rsp), %rbp\n\t"
        "movabsq $0xcef9f3930, %rax\n\t"
        "pushq %rax\n\t"
        "movq (%rsp), %rbp\n\t"
        "leaq 0x30(%rsp), %rsp\n\t"
        );
}

#endif

BN_ULONG bn_div_words(BN_ULONG h, BN_ULONG l, BN_ULONG d)
{
    BN_ULONG ret, waste;

 asm("divq      %4":"=a"(ret), "=d"(waste)
 :     "a"(l), "d"(h), "r"(d)
 :     "cc");

    return ret;
}


int main() {
        q = bn_div_words(n0, n1, d0);
        printf("q is %lld\n", q);
        return 0;
}


```



#### 4.2 [**Bug 102140**](http://bugzilla.arraynetworks.com.cn/bugzilla/show_bug.cgi?id=102140) **-** **Atcp coredump and can not find interface when performance test SoftSSl(ECDHE-ECDSA-AES128-SHA256)**

坦白讲上面这个BUG和4.1的CPU型号不同，这个是 C-QuadCore C4600@2.0GHz。目前看起来，在 C-QuadCore C4600@2.0GHz上，每次MOVQ RBP都会触发的COREDUMP，而ZX-5580U没有这个问题，具体原因还没找到。等要到设备再研究。



### 5 不同gcc编译器编译代码混用导致的问题

#### 5.1 gcc 4.8 unordered_map coredump in gcc 5.0

今天遇到一个很有意思的BUG，一个4.8.5编出来的so库给gcc5.3.1用，一find就会coredump。查找的的时候使用的结构和函数为为：

```c++
class T {
private:
  ...
    std::unordered_map<std::string, T*> T;
    pthread_rwlock_t rwlock; 
...
public:
    static T *instance() {
        static T inst;
        return &inst;
    }
...
};

		pthread_rwlock_rdlock(&rwlock);
    auto it = T_map.find(ns_key_name);
    if (it != T_map.end()) {
        pthread_rwlock_unlock(&rwlock);
        return it->second;
    }

```

这个问题可以说是非常蛋疼了，最后惊奇的发现，在gcc5.0的库里面，T结构上锁的时候参数rdi明明应该是rwlock，却修改了T_map的`_M_buckets`结构，仔细查看发现gcc4.8里面的unordered_map是48字节，所以锁的位置是unordered_map+48。而gcc5里面unordered_map是56字节，理论上应该上锁的位置是unordered_map+56，但是.so里面代码还是对+48位置上锁导致错误修改`_T_buckets`从而coredump。





### 6 签名数据变长导致的COREUMP

今天可以说是一个特别蛋疼的问题，一开始一直没想到。在做ECDSA/RSA签名的优化。然后想当然的认为，消息摘要缓冲区长度不需要超过64字节，那么签名结果缓冲区不需要超过64字节。然后出了一连串莫名其妙的问题：ecdsa签名/研签的时候没出错，rsa签名完了，ret之后，一打印signature的内容就疯狂coredump。然后lldb/gdb报告coredump的点是string的assign即赋值函数，我一开始没明白单线程赋值为啥会core。后来反应过来内存访问越界了。。。好坑！

```c++
				/* 签名的最后结果并不一定小于64，对ECDSA而言256bit可以达到72字节。所以signature_buf长度最好保存1024，直接防备rsa 4096的密钥 */
        static bool ecdsa_sha256_sign_openssl(const std::string &message, const std::string &pem_private_key, std::string &signature) {
            uint32_t digest_len = 0;
            uint32_t signature_len = 0;
            unsigned char digest[EVP_MAX_MD_SIZE];
            char signature_buf[EVP_MAX_MD_SIZE];					//这个地方错了，长度64不能够存储足够的签名信息。对rsa4096/ecdsa等都会超过64字节。最后修改所有的signature_buf为1024字节就好了
        
            std::string key = "-----BEGIN PRIVATE KEY-----\n" + pem_private_key + "\n-----END PRIVATE KEY-----";
            BIO *bio = BIO_new(BIO_s_mem());
            if (bio == nullptr) {
                return false;
            }
            BIO_puts(bio, key.c_str());

            EC_KEY *ec_key = PEM_read_bio_ECPrivateKey(bio, NULL, NULL, NULL);;
            if (ec_key == nullptr) {
                BIO_free(bio);
                return false;
            }

            EVP_MD_CTX *md_ctx = EVP_MD_CTX_create();
            if (md_ctx == nullptr) {
                BIO_free(bio);
                EC_KEY_free(ec_key);
                return false;
            }

            bool ret = true;
            bzero(digest, EVP_MAX_MD_SIZE);
            if (EVP_DigestInit(md_ctx, EVP_sha256()) <= 0
                ||EVP_DigestUpdate(md_ctx, (const void *)message.c_str(), message.length()) <= 0
                    ||EVP_DigestFinal(md_ctx, digest, &digest_len) <= 0
                        ||ECDSA_sign(0, digest, digest_len, (unsigned char*)signature_buf, &signature_len, ec_key) <= 0) {
                ret = false;
            }


            if (ret == true) {
                std::string final_sig(signature_buf, signature_len);
                signature = final_sig;
            }

            BIO_free(bio);
            EC_KEY_free(ec_key);
            EVP_MD_CTX_destroy(md_ctx);

            return ret;

        }
        
```





### 7 openssl base64的bug

今天做代码测试的时候发现的一个问题，openssl自己实现的openssl有bug，经常会出现本来应该解码错误的情况解码成功。然后无论是1.1.1k还是1.0.2k都是错误的。然后我看了boringssl的实现，发现boringssl是对的。太坑了！



### 8 log4cplus的奇怪问题

这个问题实际上没找到解决问题，简单描述下问题怎么回事。我打了一个动态库，依赖1.1.3的log4cplus，boost169，然后我使用的环境是gcc 4.8.5(这个对c11的支持不完全)。然后客户用gcc8.3.1使用这个库的时候用了另一个日志库，另一个日志库包含了1.2.2的log4cplus库，然而这引发了一个非常奇怪的问题。

每次load配置文件的时候，会检查存储配置的map里面是不是存在字符串layout的，触发一个从char*到string的隐式转换，但是每次转换都会在malloc里面的_int_malloc触发core。当然如果使用gcc4.8.5也会触发这个问题。我检查了从string的构造到malloc与Properties的各种属性和参数，都正常，但是每次都会稳定core，就非常奇怪。本身也看不到具体的malloc的代码，就很蛋疼。

发现实际上问题并不是直接处在char*的转换上，而是上一次分配664字节的RollingFileAppender的时候的mutex加锁的位置会破坏malloc的结果，mutex的位置竟然超出了RollingFileAppender的范围，多写了8个字节。

具体的现象表现为

`g++ main.cpp /usr/lib64/libclogV2.a ./auth_centos7_4cpp.so -std=c++11 -o -g statica.out`，使用静态库编译出来的`log4cplus::RollingFileAppender::RollingFileAppender`分配出来的RollingFileAppender是664字节，锁的位置在RollingFileAppender之内，mutex的位置和我自己include的头文件结构位置匹配。

但是使用`g++ main.cpp /usr/lib64/libclogV2.so ./auth_centos7_4cpp.so -std=c++11 -o -g statica.out`时rollingFileAppender的大小还是664字节，但是mutex的偏移不在664之内，在664之外会写坏内存，mutex的位置和clogV2包含的头文件结构位置匹配。

查看实现单独使用clogV2动/静态库链接的时候，发现RollingFileAppender的大小是680字节，原来clogV2用的log4cplus是基于1.2.2的，而我们用的log4cplus是1.1.3的版本，这两个版本的头文件不一致，导致数据结构RollingFileAppender大小不同，因为我们包入了头文件，每次真正malloc的时候实际上都是分配664字节，也就是说并没有分配680字节。这种行为就属于标准的UB，才会出现这种问题。

下面是具体查询的流程。

我个人在centos7，gcc4.8.5尝试复现这个问题，环境参数如下

```cpp


/* 
gcc 8.3.1 调用编译出来的库和clogV2.so的命令为
g++ main.cpp ./auth_centos7_4cpp.so /usr/lib64/libclogV2.so
执行的时候触发core
*/
(gdb) bt
#0  0x0000000000000000 in ?? ()
#1  0x00007ffff79d7d18 in log4cplus::spi::ObjectRegistryBase::putVal (this=0x604270, name=..., object=<optimized out>)
    at objectregistry.cxx:87
#2  0x00007ffff79e3ab8 in log4cplus::spi::FactoryRegistry<log4cplus::spi::LayoutFactory>::put (object=..., this=0x604270)
    at ../include/log4cplus/spi/factory.h:163
#3  log4cplus::initializeFactoryRegistry () at factory.cxx:169
#4  0x00007ffff79cd47b in log4cplus::initializeLog4cplus () at global-init.cxx:374
#5  0x00007ffff79cd4ed in (anonymous namespace)::_static_log4cplus_initializer::_static_log4cplus_initializer (
    this=0x7ffff7dda74a <(anonymous namespace)::initializer>) at global-init.cxx:557
#6  __static_initialization_and_destruction_0 (__priority=<optimized out>, __initialize_p=1) at global-init.cxx:569
#7  0x00007ffff7dea9c3 in _dl_init_internal () from /lib64/ld-linux-x86-64.so.2
#8  0x00007ffff7ddc17a in _dl_start_user () from /lib64/ld-linux-x86-64.so.2
#9  0x0000000000000001 in ?? ()
#10 0x00007fffffffe3a1 in ?? ()
#11 0x0000000000000000 in ?? ()
(gdb)
      
/* 如果先使用clogV2的动态库，再调用auth动态库，命令为g++ main.cpp /usr/lib64/libclogV2.so ./auth_centos7_4cpp.so，同样core。最奇怪的事情是如果使用libclogV2的静态库不会core*/
(gdb) bt
#0  0x00007ffff63cb3d7 in raise () from /lib64/libc.so.6
#1  0x00007ffff63ccac8 in abort () from /lib64/libc.so.6
#2  0x00007ffff640df67 in __libc_message () from /lib64/libc.so.6
#3  0x00007ffff6417b36 in _int_malloc () from /lib64/libc.so.6
#4  0x00007ffff641a78c in malloc () from /lib64/libc.so.6
#5  0x00007ffff6cda18d in operator new(unsigned long) () from /lib64/libstdc++.so.6
#6  0x00007ffff6d38cd9 in std::string::_Rep::_S_create(unsigned long, unsigned long, std::allocator<char> const&) ()
   from /lib64/libstdc++.so.6
#7  0x00007ffff6d3a561 in char* std::string::_S_construct<char const*>(char const*, char const*, std::allocator<char> const&, std::forward_iterator_tag) () from /lib64/libstdc++.so.6
#8  0x00007ffff6d3a998 in std::basic_string<char, std::char_traits<char>, std::allocator<char> >::basic_string(char const*, std::allocator<char> const&) () from /lib64/libstdc++.so.6
#9  0x00007ffff7b9815b in log4cplus::helpers::Properties::exists(char const*) const () from /lib64/libclogV2.so
#10 0x00007ffff7b4b895 in log4cplus::Appender::Appender(log4cplus::helpers::Properties const&) () from /lib64/libclogV2.so
#11 0x00007ffff7b6714f in log4cplus::FileAppenderBase::FileAppenderBase(log4cplus::helpers::Properties const&, std::_Ios_Openmode) ()
   from /lib64/libclogV2.so
#12 0x00007ffff7b71646 in log4cplus::FileAppender::FileAppender(log4cplus::helpers::Properties const&, std::_Ios_Openmode) ()
   from /lib64/libclogV2.so  //已经出错了
#13 0x00007ffff7b71959 in log4cplus::RollingFileAppender::RollingFileAppender(log4cplus::helpers::Properties const&) ()
   from /lib64/libclogV2.so
#14 0x00007ffff77009f1 in log4cplus::spi::FactoryTempl<log4cplus::RollingFileAppender, log4cplus::spi::AppenderFactory>::createObject (
    this=<optimized out>, props=...) at ../include/log4cplus/spi/factory.h:242
#15 0x00007ffff7b50bb9 in log4cplus::PropertyConfigurator::configureAppenders() () from /lib64/libclogV2.so
#16 0x00007ffff7b53d2e in log4cplus::PropertyConfigurator::configure() () from /lib64/libclogV2.so
#17 0x00007ffff7b53f24 in log4cplus::PropertyConfigurator::doConfigure(std::string const&, log4cplus::Hierarchy&, unsigned int) ()
   from /lib64/libclogV2.so
#18 0x00007ffff744ed07 in AuthService::Init (this=this@entry=0x6089c0)
    at /home/hexiaonan/code/sts/auth_sdk_cpp/source/auth_service_real.cpp:9
#19 0x00007ffff744c6ac in kms::Singleton<AuthService>::instance ()
    at /home/hexiaonan/code/sts/auth_sdk_cpp/source/./utils/Singleton.h:54
#20 inf::auth::AuthServiceSignInit (param=...) at /home/hexiaonan/code/sts/auth_sdk_cpp/source/auth_service.cpp:8
#21 0x0000000000400dee in main ()

/* 查询发现log4cplus::Properties是没有问题的*/
 
/* 所以拜托SRE把glibc的源代码装上，开始查，在进入log4cplus::helpers::Properties::exists(char const*)前，这块内存就已经被破坏了 ，内存地址在watch *(struct malloc_chunk *) 0x60eed0上，开始检测这块地址，可以发现实际上是在创建一个智能指针，具体的类型为helpers::SharedObjectPtr<Appender> SharedAppenderPtr*/
  
/* 所以实际上是分配内存，然后构造相应的mutex的流程时破坏了malloc的内存结构，ok，问题找到了分配出来的地址返回之后修改mutex的时候会直接修改内存块的size，具体看这里*/
/* 初始化mutex的时候的参数和调用栈*/
(gdb) info reg
rax            0x7ffff7dd5bb0	140737351867312
rbx            0x60ec40	6351936
rcx            0x60ec30	6351920
rdx            0x60ec40	6351936
rsi            0x1	1
rdi            0x60eed8	6352600

(gdb) bt
#0  0x00007ffff7ba4510 in log4cplus::thread::Mutex::Mutex(log4cplus::thread::Mutex::Type) () from /lib64/libclogV2.so
#1  0x00007ffff7b71934 in log4cplus::RollingFileAppender::RollingFileAppender(log4cplus::helpers::Properties const&) ()
   from /lib64/libclogV2.so
#2  0x00007ffff77009f1 in log4cplus::spi::FactoryTempl<log4cplus::RollingFileAppender, log4cplus::spi::AppenderFactory>::createObject (
    this=<optimized out>, props=...) at ../include/log4cplus/spi/factory.h:242
#3  0x00007ffff7b50bb9 in log4cplus::PropertyConfigurator::configureAppenders() () from /lib64/libclogV2.so
#4  0x00007ffff7b53d2e in log4cplus::PropertyConfigurator::configure() () from /lib64/libclogV2.so
#5  0x00007ffff7b53f24 in log4cplus::PropertyConfigurator::doConfigure(std::string const&, log4cplus::Hierarchy&, unsigned int) ()
   from /lib64/libclogV2.so
  
(gdb) p (&((struct malloc_chunk *) 0x60eed0)->size)
$103 = (size_t *) 0x60eed8

/* 链接clogV2的静态库的话malloc的参数是664字节，也就是sizeof(log4cplus::RollingFileAppender)，地址为0x60cfd0，堆的地址是从低到高增长的，所以size在0x60cfd0+664的地方为实际的大小，是1025。所以我们能看到具体构造mutex的时候mutex的地址为0x60d258，log4cplus::thread::Mutex::Mutex (this=0x60d258, t=log4cplus::thread::Mutex::RECURSIVE)。这个地址减去log4cplus::RollingFileAppender的起始地址为648的偏移，也就是说还在分配出来的内存量里面*/

/*而链接clogV2动态库的话malloc的参数是664字节，返回地址为(void *) 0x60ec40，实际大小为0x60ec40+664的地址也就是1025。而构造mutex时mutex的地址为0x60eed8，但是操作的偏移量为664字节，换言之mutex写的已经超了，那么为什么会出现这种问题呢？ */


/* 现在实际上是初始化SharedObejct部分的mutex*/
```



```assembly
Dump of assembler code for function log4cplus::RollingFileAppender::RollingFileAppender(log4cplus::helpers::Properties const&):
=> 0x00007ffff79e94d0 <+0>:	mov    %rbx,-0x30(%rsp)
   0x00007ffff79e94d5 <+5>:	mov    %rbp,-0x28(%rsp)
   0x00007ffff79e94da <+10>:	mov    %rdi,%rbx
   0x00007ffff79e94dd <+13>:	mov    %r14,-0x10(%rsp)
   0x00007ffff79e94e2 <+18>:	mov    %r12,-0x20(%rsp)
   0x00007ffff79e94e7 <+23>:	lea    0x280(%rdi),%r14    /* 静态库的偏移量时0x280，也就是说在库的内部，是正确的*/
   0x00007ffff79e94ee <+30>:	mov    %r13,-0x18(%rsp)
   0x00007ffff79e94f3 <+35>:	mov    %r15,-0x8(%rsp)
   0x00007ffff79e94f8 <+40>:	sub    $0x58,%rsp
   0x00007ffff79e94fc <+44>:	mov    0x3d0fa5(%rip),%rax        # 0x7ffff7dba4a8
   0x00007ffff79e9503 <+51>:	mov    %rsi,%rbp
   0x00007ffff79e9506 <+54>:	mov    $0x1,%esi
   0x00007ffff79e950b <+59>:	add    $0x10,%rax
   0x00007ffff79e950f <+63>:	mov    %rax,0x280(%rdi)
   0x00007ffff79e9516 <+70>:	lea    0x288(%rdi),%rdi
   0x00007ffff79e951d <+77>:	callq  0x7ffff76e6f40 <_ZN9log4cplus6thread5MutexC1ENS1_4TypeE@plt>
   
   (gdb) info reg
rax            0x60cfd0	6344656
rbx            0x60cfd0	6344656
rcx            0x60cfc0	6344640
rdx            0x60cfd0	6344656
rsi            0x7fffffffdf60	140737488346976
rdi            0x60cfd0	6344656
rbp            0x7fffffffe050	0x7fffffffe050
rsp            0x7fffffffdec8	0x7fffffffdec8
r8             0x400	1024
r9             0x298	664
r10            0x7fffffffd2a0	140737488343712
r11            0x7ffff79e94d0	140737347753168
r12            0x7fffffffdf60	140737488346976
r13            0x7ffff72663e0	140737339876320
r14            0x7fffffffe060	140737488347232
r15            0x7fffffffdf60	140737488346976
rip            0x7ffff79e94d0	0x7ffff79e94d0 <log4cplus::RollingFileAppender::RollingFileAppender(log4cplus::helpers::Properties const&)>
eflags         0x202	[ IF ]
cs             0x33	51
ss             0x2b	43
ds             0x0	0
es             0x0	0
fs             0x0	0
gs             0x0	0
   
   
Dump of assembler code for function _ZN9log4cplus19RollingFileAppenderC1ERKNS_7helpers10PropertiesE:
=> 0x00007ffff7b71900 <+0>:	push   %r15
   0x00007ffff7b71902 <+2>:	push   %r14
   0x00007ffff7b71904 <+4>:	push   %r13
   0x00007ffff7b71906 <+6>:	push   %r12
   0x00007ffff7b71908 <+8>:	mov    %rsi,%r12
   0x00007ffff7b7190b <+11>:	push   %rbp
   0x00007ffff7b7190c <+12>:	push   %rbx
   0x00007ffff7b7190d <+13>:	mov    %rdi,%rbx
   0x00007ffff7b71910 <+16>:	lea    0x298(%rdi),%rdi    /* rdi是rollingfileAppender的值，直接加了0x298，直接就偏移过多了啊，就超过了sizeof(rollingFileAppender）了，赋值完了rdi就是(gdb) p/x 0x60ec40+0x298 $14 = 0x60eed8，直接就越界了*/
   0x00007ffff7b71917 <+23>:	mov    $0x1,%esi
   0x00007ffff7b7191c <+28>:	sub    $0x38,%rsp
   0x00007ffff7b71920 <+32>:	mov    0x266139(%rip),%rax        # 0x7ffff7dd7a60
   0x00007ffff7b71927 <+39>:	add    $0x10,%rax
   0x00007ffff7b7192b <+43>:	mov    %rax,-0x8(%rdi)
   0x00007ffff7b7192f <+47>:	callq  0x7ffff7b3fbb0 <_ZN9log4cplus6thread5MutexC1ENS1_4TypeE@plt>
   
   
rax            0x60ec40	6351936
rbx            0x60ec40	6351936
rcx            0x60ec30	6351920
rdx            0x60ec40	6351936
rsi            0x7fffffffe090	140737488347280
rdi            0x60ec40	6351936
rbp            0x7fffffffdff0	0x7fffffffdff0
rsp            0x7fffffffdf38	0x7fffffffdf38
r8             0x400	1024
r9             0x298	664
r10            0x7fffffffd320	140737488343840
r11            0x7ffff7b71900	140737349359872
r12            0x7fffffffe090	140737488347280
r13            0x7fffffffe198	140737488347544
r14            0x7fffffffdfe0	140737488347104
r15            0x0	0
rip            0x7ffff7b71900	0x7ffff7b71900 <log4cplus::RollingFileAppender::RollingFileAppender(log4cplus::helpers::Properties const&)>
eflags         0x202	[ IF ]
cs             0x33	51
ss             0x2b	43
ds             0x0	0
es             0x0	0
fs             0x0	0
gs             0x0	0
```



### 9 openssl和boringssl混用的bug





### 10 GRPC调用的问题

今天在写grpc的UT的时候，忽然爆了一个错误：

```shell
liboffboard_Sdashboard_Sproto_Slibscenarios_Ucc_Ugrpc.so: undefined symbol: _ZN4grpc24g_core_codegen_interfaceE
```



先拿c++filt看下

```
c++filt _ZN4grpc24g_core_codegen_interfaceE
grpc::g_core_codegen_interface
```



看起来是grpc的代码，在bazel的BUILD里面加上了一句搞完了

```
"@com_github_grpc_grpc//:grpc++",
```




## 结尾
唉，尴尬

![狗头的赞赏码.jpg](https://i.loli.net/2020/08/27/BFHNyfpx3EsIDUG.jpg)
